<?xml version="1.0" encoding="UTF-8"?>
<testsuite xmlns:xsi="http://www.w3.org/2001/XMLSchema-instance" xsi:noNamespaceSchemaLocation="https://maven.apache.org/surefire/maven-surefire-plugin/xsd/surefire-test-report-3.0.xsd" version="3.0" name="demo.quickStart.DAOUserTest" time="2.35" tests="3" errors="0" skipped="0" failures="2">
  <properties>
[...]
</properties>
  <testcase name="test_delete" classname="demo.quickStart.DAOUserTest" time="0.9">
    <system-out><![CDATA[ID: 6764387cc8a3a64d04cdaf1f, nom:karima, prenom:karima,Email: karim@gmail.com
ID: 6764398e9f22bd54425afc3f, nom:kaarim, prenom:karim,Email: karim@gmail.com
ID: 67643a7c6859ea3786aa94b2, nom:kaarim, prenom:karim,Email: karim@gmail.com
ID: 67643b9abc1c962da145eabf, nom:kaarim, prenom:karim,Email: karim@gmail.com
ID: 67643c72639e5f2eac0e7b72, nom:kaarim, prenom:karim,Email: karim@gmail.com
ID: 67643f37a38ffb6de928855f, nom:kaarim, prenom:karim,Email: karim@gmail.com
ID: 67643f6b5946b0043c231859, nom:kaarim, prenom:karim,Email: karim@gmail.com
ID: 67643fb6366e8875bb9e3e2d, nom:iiiiiiiiii, prenom:bbbbbb,Email: iiiiiii@gmail.com
ID: 67643fed2cda040f6b461e38, nom:kaarim, prenom:karim,Email: karim@gmail.com
ID: 676442f45719b261aa140c89, nom:kaarim, prenom:karim,Email: karim@gmail.com
ID: 676445bd8553bf63171365a0, nom:kaarim, prenom:karim,Email: karim@gmail.com
ID: 6764534d181f1530b7b87f02, nom:kaarim, prenom:karim,Email: karim@gmail.com
ID: 677d0a04fea28772ad301f08, nom:yoyo, prenom:yoyo,Email: yoyo@gmail.com
ID: 677d0a06fea28772ad301f0a, nom:kaarim, prenom:karim,Email: karim@gmail.com
ID: 677d0a07fea28772ad301f0c, nom:ali, prenom:ali,Email: ali@gmail.com
ID: 677d0a8bdd7467460ac28f41, nom:ali, prenom:ali,Email: ali@gmail.com
ID: 677d1ecc13d27b1813dea116, nom:yoyo, prenom:yoyo,Email: yoyo@gmail.com
ID: 677d1ecd13d27b1813dea118, nom:kaarim, prenom:karim,Email: karim@gmail.com
ID: 677d1ece13d27b1813dea11a, nom:ali, prenom:ali,Email: ali@gmail.com
ID: 677d21bbd38f133b4e13d4ed, nom:yoyo, prenom:yoyo,Email: yoyo@gmail.com
ID: 677d21bcd38f133b4e13d4ef, nom:kaarim, prenom:karim,Email: karim@gmail.com
ID: 677d21bdd38f133b4e13d4f1, nom:ali, prenom:ali,Email: ali@gmail.com
ID: 677d2be86a30a35b0f47844b, nom:yoyo, prenom:yoyo,Email: yoyo@gmail.com
ID: 677d2be96a30a35b0f47844d, nom:kaarim, prenom:karim,Email: karim@gmail.com
ID: 677d2bea6a30a35b0f47844f, nom:ali, prenom:ali,Email: ali@gmail.com
ID: 677d2ff3e4620f5616073a6c, nom:yoyo, prenom:yoyo,Email: yoyo@gmail.com
]]></system-out>
    <system-err><![CDATA[[main] INFO org.mongodb.driver.client - MongoClient with metadata {"application": {"name": "Cluster0"}, "driver": {"name": "mongo-java-driver|sync", "version": "5.2.0"}, "os": {"type": "Windows", "name": "Windows 10", "architecture": "amd64", "version": "10.0"}, "platform": "Java/Oracle Corporation/23.0.1+11-39"} created with settings MongoClientSettings{readPreference=primary, writeConcern=WriteConcern{w=majority, wTimeout=null ms, journal=null}, retryWrites=true, retryReads=true, readConcern=ReadConcern{level=null}, credential=MongoCredential{mechanism=null, userName='rachidaarag', source='admin', password=<hidden>, mechanismProperties=<hidden>}, transportSettings=null, commandListeners=[], codecRegistry=ProvidersCodecRegistry{codecProviders=[ValueCodecProvider{}, BsonValueCodecProvider{}, DBRefCodecProvider{}, DBObjectCodecProvider{}, DocumentCodecProvider{}, CollectionCodecProvider{}, IterableCodecProvider{}, MapCodecProvider{}, GeoJsonCodecProvider{}, GridFSFileCodecProvider{}, Jsr310CodecProvider{}, JsonObjectCodecProvider{}, BsonCodecProvider{}, EnumCodecProvider{}, com.mongodb.client.model.mql.ExpressionCodecProvider@58594a11, com.mongodb.Jep395RecordCodecProvider@2a3888c1, com.mongodb.KotlinCodecProvider@4167d97b]}, loggerSettings=LoggerSettings{maxDocumentLength=1000}, clusterSettings={hosts=[127.0.0.1:27017], srvHost=cluster0.k7ehw.mongodb.net, srvServiceName=mongodb, mode=MULTIPLE, requiredClusterType=REPLICA_SET, requiredReplicaSetName='atlas-sxx3co-shard-0', serverSelector='null', clusterListeners='[]', serverSelectionTimeout='30000 ms', localThreshold='15 ms'}, socketSettings=SocketSettings{connectTimeoutMS=10000, readTimeoutMS=0, receiveBufferSize=0, proxySettings=ProxySettings{host=null, port=null, username=null, password=null}}, heartbeatSocketSettings=SocketSettings{connectTimeoutMS=10000, readTimeoutMS=10000, receiveBufferSize=0, proxySettings=ProxySettings{host=null, port=null, username=null, password=null}}, connectionPoolSettings=ConnectionPoolSettings{maxSize=100, minSize=0, maxWaitTimeMS=120000, maxConnectionLifeTimeMS=0, maxConnectionIdleTimeMS=0, maintenanceInitialDelayMS=0, maintenanceFrequencyMS=60000, connectionPoolListeners=[], maxConnecting=2}, serverSettings=ServerSettings{heartbeatFrequencyMS=10000, minHeartbeatFrequencyMS=500, serverMonitoringMode=AUTO, serverListeners='[]', serverMonitorListeners='[]'}, sslSettings=SslSettings{enabled=true, invalidHostNameAllowed=false, context=null}, applicationName='Cluster0', compressorList=[], uuidRepresentation=UNSPECIFIED, serverApi=null, autoEncryptionSettings=null, dnsClient=null, inetAddressResolver=null, contextProvider=null, timeoutMS=null}
[main] INFO org.mongodb.driver.cluster - Waiting for server to become available for operation with ID 210. Remaining time: 29999 ms. Selector: WritableServerSelector, topology description: {type=UNKNOWN, servers=[].
[cluster-ClusterId{value='677d2ff2e4620f5616073a6b', description='Cluster0'}-srv-cluster0.k7ehw.mongodb.net] INFO org.mongodb.driver.cluster - Adding discovered server cluster0-shard-00-01.k7ehw.mongodb.net:27017 to client view of cluster
[cluster-ClusterId{value='677d2ff2e4620f5616073a6b', description='Cluster0'}-srv-cluster0.k7ehw.mongodb.net] INFO org.mongodb.driver.cluster - Adding discovered server cluster0-shard-00-02.k7ehw.mongodb.net:27017 to client view of cluster
[cluster-ClusterId{value='677d2ff2e4620f5616073a6b', description='Cluster0'}-srv-cluster0.k7ehw.mongodb.net] INFO org.mongodb.driver.cluster - Adding discovered server cluster0-shard-00-00.k7ehw.mongodb.net:27017 to client view of cluster
[cluster-ClusterId{value='677d2ff2e4620f5616073a6b', description='Cluster0'}-cluster0-shard-00-01.k7ehw.mongodb.net:27017] INFO org.mongodb.driver.cluster - Monitor thread successfully connected to server with description ServerDescription{address=cluster0-shard-00-01.k7ehw.mongodb.net:27017, type=REPLICA_SET_SECONDARY, cryptd=false, state=CONNECTED, ok=true, minWireVersion=0, maxWireVersion=25, maxDocumentSize=16777216, logicalSessionTimeoutMinutes=30, roundTripTimeNanos=103659800, minRoundTripTimeNanos=0, setName='atlas-sxx3co-shard-0', canonicalAddress=cluster0-shard-00-01.k7ehw.mongodb.net:27017, hosts=[cluster0-shard-00-01.k7ehw.mongodb.net:27017, cluster0-shard-00-02.k7ehw.mongodb.net:27017, cluster0-shard-00-00.k7ehw.mongodb.net:27017], passives=[], arbiters=[], primary='cluster0-shard-00-02.k7ehw.mongodb.net:27017', tagSet=TagSet{[Tag{name='availabilityZone', value='euw3-az2'}, Tag{name='diskState', value='READY'}, Tag{name='nodeType', value='ELECTABLE'}, Tag{name='provider', value='AWS'}, Tag{name='region', value='EU_WEST_3'}, Tag{name='workloadType', value='OPERATIONAL'}]}, electionId=null, setVersion=16, topologyVersion=TopologyVersion{processId=6765de5bbc950d7c4ce68e94, counter=3}, lastWriteDate=Tue Jan 07 14:45:21 CET 2025, lastUpdateTimeNanos=10858840352900}
[cluster-ClusterId{value='677d2ff2e4620f5616073a6b', description='Cluster0'}-cluster0-shard-00-02.k7ehw.mongodb.net:27017] INFO org.mongodb.driver.cluster - Monitor thread successfully connected to server with description ServerDescription{address=cluster0-shard-00-02.k7ehw.mongodb.net:27017, type=REPLICA_SET_PRIMARY, cryptd=false, state=CONNECTED, ok=true, minWireVersion=0, maxWireVersion=25, maxDocumentSize=16777216, logicalSessionTimeoutMinutes=30, roundTripTimeNanos=102765700, minRoundTripTimeNanos=0, setName='atlas-sxx3co-shard-0', canonicalAddress=cluster0-shard-00-02.k7ehw.mongodb.net:27017, hosts=[cluster0-shard-00-01.k7ehw.mongodb.net:27017, cluster0-shard-00-02.k7ehw.mongodb.net:27017, cluster0-shard-00-00.k7ehw.mongodb.net:27017], passives=[], arbiters=[], primary='cluster0-shard-00-02.k7ehw.mongodb.net:27017', tagSet=TagSet{[Tag{name='availabilityZone', value='euw3-az3'}, Tag{name='diskState', value='READY'}, Tag{name='nodeType', value='ELECTABLE'}, Tag{name='provider', value='AWS'}, Tag{name='region', value='EU_WEST_3'}, Tag{name='workloadType', value='OPERATIONAL'}]}, electionId=7fffffff0000000000000027, setVersion=16, topologyVersion=TopologyVersion{processId=6765dc7784f821ce36e13bfa, counter=6}, lastWriteDate=Tue Jan 07 14:45:21 CET 2025, lastUpdateTimeNanos=10858842096900}
[cluster-ClusterId{value='677d2ff2e4620f5616073a6b', description='Cluster0'}-cluster0-shard-00-02.k7ehw.mongodb.net:27017] INFO org.mongodb.driver.cluster - Discovered replica set primary cluster0-shard-00-02.k7ehw.mongodb.net:27017 with max election id 7fffffff0000000000000027 and max set version 16
[cluster-ClusterId{value='677d2ff2e4620f5616073a6b', description='Cluster0'}-cluster0-shard-00-00.k7ehw.mongodb.net:27017] INFO org.mongodb.driver.cluster - Monitor thread successfully connected to server with description ServerDescription{address=cluster0-shard-00-00.k7ehw.mongodb.net:27017, type=REPLICA_SET_SECONDARY, cryptd=false, state=CONNECTED, ok=true, minWireVersion=0, maxWireVersion=25, maxDocumentSize=16777216, logicalSessionTimeoutMinutes=30, roundTripTimeNanos=98062300, minRoundTripTimeNanos=0, setName='atlas-sxx3co-shard-0', canonicalAddress=cluster0-shard-00-00.k7ehw.mongodb.net:27017, hosts=[cluster0-shard-00-01.k7ehw.mongodb.net:27017, cluster0-shard-00-02.k7ehw.mongodb.net:27017, cluster0-shard-00-00.k7ehw.mongodb.net:27017], passives=[], arbiters=[], primary='cluster0-shard-00-02.k7ehw.mongodb.net:27017', tagSet=TagSet{[Tag{name='availabilityZone', value='euw3-az1'}, Tag{name='diskState', value='READY'}, Tag{name='nodeType', value='ELECTABLE'}, Tag{name='provider', value='AWS'}, Tag{name='region', value='EU_WEST_3'}, Tag{name='workloadType', value='OPERATIONAL'}]}, electionId=null, setVersion=16, topologyVersion=TopologyVersion{processId=6765dd751935ea2e5b74de30, counter=4}, lastWriteDate=Tue Jan 07 14:45:21 CET 2025, lastUpdateTimeNanos=10858846394000}
]]></system-err>
  </testcase>
  <testcase name="test_update" classname="demo.quickStart.DAOUserTest" time="0.831">
    <failure message="error f la mise a jour dyal objet ==&gt; expected: not &lt;null&gt;" type="org.opentest4j.AssertionFailedError"><![CDATA[org.opentest4j.AssertionFailedError: error f la mise a jour dyal objet ==> expected: not <null>
	at org.junit.jupiter.api.AssertionFailureBuilder.build(AssertionFailureBuilder.java:152)
	at org.junit.jupiter.api.AssertionFailureBuilder.buildAndThrow(AssertionFailureBuilder.java:132)
	at org.junit.jupiter.api.AssertNotNull.failNull(AssertNotNull.java:49)
	at org.junit.jupiter.api.AssertNotNull.assertNotNull(AssertNotNull.java:35)
	at org.junit.jupiter.api.Assertions.assertNotNull(Assertions.java:308)
	at demo.quickStart.DAOUserTest.test_update(DAOUserTest.java:98)
	at java.base/java.lang.reflect.Method.invoke(Method.java:580)
	at java.base/java.util.ArrayList.forEach(ArrayList.java:1597)
	at java.base/java.util.ArrayList.forEach(ArrayList.java:1597)
]]></failure>
    <system-out><![CDATA[ID: 6764398e9f22bd54425afc3f, nom:kaarim, prenom:karim,Email: karim@gmail.com
ID: 67643a7c6859ea3786aa94b2, nom:kaarim, prenom:karim,Email: karim@gmail.com
ID: 67643b9abc1c962da145eabf, nom:kaarim, prenom:karim,Email: karim@gmail.com
ID: 67643c72639e5f2eac0e7b72, nom:kaarim, prenom:karim,Email: karim@gmail.com
ID: 67643f37a38ffb6de928855f, nom:kaarim, prenom:karim,Email: karim@gmail.com
ID: 67643f6b5946b0043c231859, nom:kaarim, prenom:karim,Email: karim@gmail.com
ID: 67643fb6366e8875bb9e3e2d, nom:iiiiiiiiii, prenom:bbbbbb,Email: iiiiiii@gmail.com
ID: 67643fed2cda040f6b461e38, nom:kaarim, prenom:karim,Email: karim@gmail.com
ID: 676442f45719b261aa140c89, nom:kaarim, prenom:karim,Email: karim@gmail.com
ID: 676445bd8553bf63171365a0, nom:kaarim, prenom:karim,Email: karim@gmail.com
ID: 6764534d181f1530b7b87f02, nom:kaarim, prenom:karim,Email: karim@gmail.com
ID: 677d0a04fea28772ad301f08, nom:yoyo, prenom:yoyo,Email: yoyo@gmail.com
ID: 677d0a06fea28772ad301f0a, nom:kaarim, prenom:karim,Email: karim@gmail.com
ID: 677d0a07fea28772ad301f0c, nom:ali, prenom:ali,Email: ali@gmail.com
ID: 677d0a8bdd7467460ac28f41, nom:ali, prenom:ali,Email: ali@gmail.com
ID: 677d1ecc13d27b1813dea116, nom:yoyo, prenom:yoyo,Email: yoyo@gmail.com
ID: 677d1ecd13d27b1813dea118, nom:kaarim, prenom:karim,Email: karim@gmail.com
ID: 677d1ece13d27b1813dea11a, nom:ali, prenom:ali,Email: ali@gmail.com
ID: 677d21bbd38f133b4e13d4ed, nom:yoyo, prenom:yoyo,Email: yoyo@gmail.com
ID: 677d21bcd38f133b4e13d4ef, nom:kaarim, prenom:karim,Email: karim@gmail.com
ID: 677d21bdd38f133b4e13d4f1, nom:ali, prenom:ali,Email: ali@gmail.com
ID: 677d2be86a30a35b0f47844b, nom:yoyo, prenom:yoyo,Email: yoyo@gmail.com
ID: 677d2be96a30a35b0f47844d, nom:kaarim, prenom:karim,Email: karim@gmail.com
ID: 677d2bea6a30a35b0f47844f, nom:ali, prenom:ali,Email: ali@gmail.com
ID: 677d2ff3e4620f5616073a6c, nom:yoyo, prenom:yoyo,Email: yoyo@gmail.com
ID: 677d2ff4e4620f5616073a6e, nom:kaarim, prenom:karim,Email: karim@gmail.com
]]></system-out>
    <system-err><![CDATA[[main] INFO org.mongodb.driver.client - MongoClient with metadata {"application": {"name": "Cluster0"}, "driver": {"name": "mongo-java-driver|sync", "version": "5.2.0"}, "os": {"type": "Windows", "name": "Windows 10", "architecture": "amd64", "version": "10.0"}, "platform": "Java/Oracle Corporation/23.0.1+11-39"} created with settings MongoClientSettings{readPreference=primary, writeConcern=WriteConcern{w=majority, wTimeout=null ms, journal=null}, retryWrites=true, retryReads=true, readConcern=ReadConcern{level=null}, credential=MongoCredential{mechanism=null, userName='rachidaarag', source='admin', password=<hidden>, mechanismProperties=<hidden>}, transportSettings=null, commandListeners=[], codecRegistry=ProvidersCodecRegistry{codecProviders=[ValueCodecProvider{}, BsonValueCodecProvider{}, DBRefCodecProvider{}, DBObjectCodecProvider{}, DocumentCodecProvider{}, CollectionCodecProvider{}, IterableCodecProvider{}, MapCodecProvider{}, GeoJsonCodecProvider{}, GridFSFileCodecProvider{}, Jsr310CodecProvider{}, JsonObjectCodecProvider{}, BsonCodecProvider{}, EnumCodecProvider{}, com.mongodb.client.model.mql.ExpressionCodecProvider@58594a11, com.mongodb.Jep395RecordCodecProvider@2a3888c1, com.mongodb.KotlinCodecProvider@4167d97b]}, loggerSettings=LoggerSettings{maxDocumentLength=1000}, clusterSettings={hosts=[127.0.0.1:27017], srvHost=cluster0.k7ehw.mongodb.net, srvServiceName=mongodb, mode=MULTIPLE, requiredClusterType=REPLICA_SET, requiredReplicaSetName='atlas-sxx3co-shard-0', serverSelector='null', clusterListeners='[]', serverSelectionTimeout='30000 ms', localThreshold='15 ms'}, socketSettings=SocketSettings{connectTimeoutMS=10000, readTimeoutMS=0, receiveBufferSize=0, proxySettings=ProxySettings{host=null, port=null, username=null, password=null}}, heartbeatSocketSettings=SocketSettings{connectTimeoutMS=10000, readTimeoutMS=10000, receiveBufferSize=0, proxySettings=ProxySettings{host=null, port=null, username=null, password=null}}, connectionPoolSettings=ConnectionPoolSettings{maxSize=100, minSize=0, maxWaitTimeMS=120000, maxConnectionLifeTimeMS=0, maxConnectionIdleTimeMS=0, maintenanceInitialDelayMS=0, maintenanceFrequencyMS=60000, connectionPoolListeners=[], maxConnecting=2}, serverSettings=ServerSettings{heartbeatFrequencyMS=10000, minHeartbeatFrequencyMS=500, serverMonitoringMode=AUTO, serverListeners='[]', serverMonitorListeners='[]'}, sslSettings=SslSettings{enabled=true, invalidHostNameAllowed=false, context=null}, applicationName='Cluster0', compressorList=[], uuidRepresentation=UNSPECIFIED, serverApi=null, autoEncryptionSettings=null, dnsClient=null, inetAddressResolver=null, contextProvider=null, timeoutMS=null}
[main] INFO org.mongodb.driver.cluster - Waiting for server to become available for operation with ID 233. Remaining time: 29999 ms. Selector: WritableServerSelector, topology description: {type=UNKNOWN, servers=[].
[cluster-ClusterId{value='677d2ff3e4620f5616073a6d', description='Cluster0'}-srv-cluster0.k7ehw.mongodb.net] INFO org.mongodb.driver.cluster - Adding discovered server cluster0-shard-00-01.k7ehw.mongodb.net:27017 to client view of cluster
[cluster-ClusterId{value='677d2ff3e4620f5616073a6d', description='Cluster0'}-srv-cluster0.k7ehw.mongodb.net] INFO org.mongodb.driver.cluster - Adding discovered server cluster0-shard-00-02.k7ehw.mongodb.net:27017 to client view of cluster
[cluster-ClusterId{value='677d2ff3e4620f5616073a6d', description='Cluster0'}-srv-cluster0.k7ehw.mongodb.net] INFO org.mongodb.driver.cluster - Adding discovered server cluster0-shard-00-00.k7ehw.mongodb.net:27017 to client view of cluster
[cluster-ClusterId{value='677d2ff3e4620f5616073a6d', description='Cluster0'}-cluster0-shard-00-01.k7ehw.mongodb.net:27017] INFO org.mongodb.driver.cluster - Monitor thread successfully connected to server with description ServerDescription{address=cluster0-shard-00-01.k7ehw.mongodb.net:27017, type=REPLICA_SET_SECONDARY, cryptd=false, state=CONNECTED, ok=true, minWireVersion=0, maxWireVersion=25, maxDocumentSize=16777216, logicalSessionTimeoutMinutes=30, roundTripTimeNanos=91927600, minRoundTripTimeNanos=0, setName='atlas-sxx3co-shard-0', canonicalAddress=cluster0-shard-00-01.k7ehw.mongodb.net:27017, hosts=[cluster0-shard-00-01.k7ehw.mongodb.net:27017, cluster0-shard-00-02.k7ehw.mongodb.net:27017, cluster0-shard-00-00.k7ehw.mongodb.net:27017], passives=[], arbiters=[], primary='cluster0-shard-00-02.k7ehw.mongodb.net:27017', tagSet=TagSet{[Tag{name='availabilityZone', value='euw3-az2'}, Tag{name='diskState', value='READY'}, Tag{name='nodeType', value='ELECTABLE'}, Tag{name='provider', value='AWS'}, Tag{name='region', value='EU_WEST_3'}, Tag{name='workloadType', value='OPERATIONAL'}]}, electionId=null, setVersion=16, topologyVersion=TopologyVersion{processId=6765de5bbc950d7c4ce68e94, counter=3}, lastWriteDate=Tue Jan 07 14:45:22 CET 2025, lastUpdateTimeNanos=10859733487500}
[cluster-ClusterId{value='677d2ff3e4620f5616073a6d', description='Cluster0'}-cluster0-shard-00-00.k7ehw.mongodb.net:27017] INFO org.mongodb.driver.cluster - Monitor thread successfully connected to server with description ServerDescription{address=cluster0-shard-00-00.k7ehw.mongodb.net:27017, type=REPLICA_SET_SECONDARY, cryptd=false, state=CONNECTED, ok=true, minWireVersion=0, maxWireVersion=25, maxDocumentSize=16777216, logicalSessionTimeoutMinutes=30, roundTripTimeNanos=93621700, minRoundTripTimeNanos=0, setName='atlas-sxx3co-shard-0', canonicalAddress=cluster0-shard-00-00.k7ehw.mongodb.net:27017, hosts=[cluster0-shard-00-01.k7ehw.mongodb.net:27017, cluster0-shard-00-02.k7ehw.mongodb.net:27017, cluster0-shard-00-00.k7ehw.mongodb.net:27017], passives=[], arbiters=[], primary='cluster0-shard-00-02.k7ehw.mongodb.net:27017', tagSet=TagSet{[Tag{name='availabilityZone', value='euw3-az1'}, Tag{name='diskState', value='READY'}, Tag{name='nodeType', value='ELECTABLE'}, Tag{name='provider', value='AWS'}, Tag{name='region', value='EU_WEST_3'}, Tag{name='workloadType', value='OPERATIONAL'}]}, electionId=null, setVersion=16, topologyVersion=TopologyVersion{processId=6765dd751935ea2e5b74de30, counter=4}, lastWriteDate=Tue Jan 07 14:45:22 CET 2025, lastUpdateTimeNanos=10859736070100}
[cluster-ClusterId{value='677d2ff3e4620f5616073a6d', description='Cluster0'}-cluster0-shard-00-02.k7ehw.mongodb.net:27017] INFO org.mongodb.driver.cluster - Monitor thread successfully connected to server with description ServerDescription{address=cluster0-shard-00-02.k7ehw.mongodb.net:27017, type=REPLICA_SET_PRIMARY, cryptd=false, state=CONNECTED, ok=true, minWireVersion=0, maxWireVersion=25, maxDocumentSize=16777216, logicalSessionTimeoutMinutes=30, roundTripTimeNanos=96500600, minRoundTripTimeNanos=0, setName='atlas-sxx3co-shard-0', canonicalAddress=cluster0-shard-00-02.k7ehw.mongodb.net:27017, hosts=[cluster0-shard-00-01.k7ehw.mongodb.net:27017, cluster0-shard-00-02.k7ehw.mongodb.net:27017, cluster0-shard-00-00.k7ehw.mongodb.net:27017], passives=[], arbiters=[], primary='cluster0-shard-00-02.k7ehw.mongodb.net:27017', tagSet=TagSet{[Tag{name='availabilityZone', value='euw3-az3'}, Tag{name='diskState', value='READY'}, Tag{name='nodeType', value='ELECTABLE'}, Tag{name='provider', value='AWS'}, Tag{name='region', value='EU_WEST_3'}, Tag{name='workloadType', value='OPERATIONAL'}]}, electionId=7fffffff0000000000000027, setVersion=16, topologyVersion=TopologyVersion{processId=6765dc7784f821ce36e13bfa, counter=6}, lastWriteDate=Tue Jan 07 14:45:22 CET 2025, lastUpdateTimeNanos=10859740246100}
[cluster-ClusterId{value='677d2ff3e4620f5616073a6d', description='Cluster0'}-cluster0-shard-00-02.k7ehw.mongodb.net:27017] INFO org.mongodb.driver.cluster - Discovered replica set primary cluster0-shard-00-02.k7ehw.mongodb.net:27017 with max election id 7fffffff0000000000000027 and max set version 16
]]></system-err>
  </testcase>
  <testcase name="testInsert" classname="demo.quickStart.DAOUserTest" time="0.616">
    <failure message="error f l&apos;insertion dyal objet ==&gt; expected: not &lt;null&gt;" type="org.opentest4j.AssertionFailedError"><![CDATA[org.opentest4j.AssertionFailedError: error f l'insertion dyal objet ==> expected: not <null>
	at org.junit.jupiter.api.AssertionFailureBuilder.build(AssertionFailureBuilder.java:152)
	at org.junit.jupiter.api.AssertionFailureBuilder.buildAndThrow(AssertionFailureBuilder.java:132)
	at org.junit.jupiter.api.AssertNotNull.failNull(AssertNotNull.java:49)
	at org.junit.jupiter.api.AssertNotNull.assertNotNull(AssertNotNull.java:35)
	at org.junit.jupiter.api.Assertions.assertNotNull(Assertions.java:308)
	at demo.quickStart.DAOUserTest.testInsert(DAOUserTest.java:60)
	at java.base/java.lang.reflect.Method.invoke(Method.java:580)
	at java.base/java.util.ArrayList.forEach(ArrayList.java:1597)
	at java.base/java.util.ArrayList.forEach(ArrayList.java:1597)
]]></failure>
    <system-err><![CDATA[[main] INFO org.mongodb.driver.client - MongoClient with metadata {"application": {"name": "Cluster0"}, "driver": {"name": "mongo-java-driver|sync", "version": "5.2.0"}, "os": {"type": "Windows", "name": "Windows 10", "architecture": "amd64", "version": "10.0"}, "platform": "Java/Oracle Corporation/23.0.1+11-39"} created with settings MongoClientSettings{readPreference=primary, writeConcern=WriteConcern{w=majority, wTimeout=null ms, journal=null}, retryWrites=true, retryReads=true, readConcern=ReadConcern{level=null}, credential=MongoCredential{mechanism=null, userName='rachidaarag', source='admin', password=<hidden>, mechanismProperties=<hidden>}, transportSettings=null, commandListeners=[], codecRegistry=ProvidersCodecRegistry{codecProviders=[ValueCodecProvider{}, BsonValueCodecProvider{}, DBRefCodecProvider{}, DBObjectCodecProvider{}, DocumentCodecProvider{}, CollectionCodecProvider{}, IterableCodecProvider{}, MapCodecProvider{}, GeoJsonCodecProvider{}, GridFSFileCodecProvider{}, Jsr310CodecProvider{}, JsonObjectCodecProvider{}, BsonCodecProvider{}, EnumCodecProvider{}, com.mongodb.client.model.mql.ExpressionCodecProvider@58594a11, com.mongodb.Jep395RecordCodecProvider@2a3888c1, com.mongodb.KotlinCodecProvider@4167d97b]}, loggerSettings=LoggerSettings{maxDocumentLength=1000}, clusterSettings={hosts=[127.0.0.1:27017], srvHost=cluster0.k7ehw.mongodb.net, srvServiceName=mongodb, mode=MULTIPLE, requiredClusterType=REPLICA_SET, requiredReplicaSetName='atlas-sxx3co-shard-0', serverSelector='null', clusterListeners='[]', serverSelectionTimeout='30000 ms', localThreshold='15 ms'}, socketSettings=SocketSettings{connectTimeoutMS=10000, readTimeoutMS=0, receiveBufferSize=0, proxySettings=ProxySettings{host=null, port=null, username=null, password=null}}, heartbeatSocketSettings=SocketSettings{connectTimeoutMS=10000, readTimeoutMS=10000, receiveBufferSize=0, proxySettings=ProxySettings{host=null, port=null, username=null, password=null}}, connectionPoolSettings=ConnectionPoolSettings{maxSize=100, minSize=0, maxWaitTimeMS=120000, maxConnectionLifeTimeMS=0, maxConnectionIdleTimeMS=0, maintenanceInitialDelayMS=0, maintenanceFrequencyMS=60000, connectionPoolListeners=[], maxConnecting=2}, serverSettings=ServerSettings{heartbeatFrequencyMS=10000, minHeartbeatFrequencyMS=500, serverMonitoringMode=AUTO, serverListeners='[]', serverMonitorListeners='[]'}, sslSettings=SslSettings{enabled=true, invalidHostNameAllowed=false, context=null}, applicationName='Cluster0', compressorList=[], uuidRepresentation=UNSPECIFIED, serverApi=null, autoEncryptionSettings=null, dnsClient=null, inetAddressResolver=null, contextProvider=null, timeoutMS=null}
[main] INFO org.mongodb.driver.cluster - Waiting for server to become available for operation with ID 256. Remaining time: 29999 ms. Selector: WritableServerSelector, topology description: {type=UNKNOWN, servers=[].
[cluster-ClusterId{value='677d2ff4e4620f5616073a6f', description='Cluster0'}-srv-cluster0.k7ehw.mongodb.net] INFO org.mongodb.driver.cluster - Adding discovered server cluster0-shard-00-01.k7ehw.mongodb.net:27017 to client view of cluster
[cluster-ClusterId{value='677d2ff4e4620f5616073a6f', description='Cluster0'}-srv-cluster0.k7ehw.mongodb.net] INFO org.mongodb.driver.cluster - Adding discovered server cluster0-shard-00-02.k7ehw.mongodb.net:27017 to client view of cluster
[cluster-ClusterId{value='677d2ff4e4620f5616073a6f', description='Cluster0'}-srv-cluster0.k7ehw.mongodb.net] INFO org.mongodb.driver.cluster - Adding discovered server cluster0-shard-00-00.k7ehw.mongodb.net:27017 to client view of cluster
[cluster-ClusterId{value='677d2ff4e4620f5616073a6f', description='Cluster0'}-cluster0-shard-00-00.k7ehw.mongodb.net:27017] INFO org.mongodb.driver.cluster - Monitor thread successfully connected to server with description ServerDescription{address=cluster0-shard-00-00.k7ehw.mongodb.net:27017, type=REPLICA_SET_SECONDARY, cryptd=false, state=CONNECTED, ok=true, minWireVersion=0, maxWireVersion=25, maxDocumentSize=16777216, logicalSessionTimeoutMinutes=30, roundTripTimeNanos=85135300, minRoundTripTimeNanos=0, setName='atlas-sxx3co-shard-0', canonicalAddress=cluster0-shard-00-00.k7ehw.mongodb.net:27017, hosts=[cluster0-shard-00-01.k7ehw.mongodb.net:27017, cluster0-shard-00-02.k7ehw.mongodb.net:27017, cluster0-shard-00-00.k7ehw.mongodb.net:27017], passives=[], arbiters=[], primary='cluster0-shard-00-02.k7ehw.mongodb.net:27017', tagSet=TagSet{[Tag{name='availabilityZone', value='euw3-az1'}, Tag{name='diskState', value='READY'}, Tag{name='nodeType', value='ELECTABLE'}, Tag{name='provider', value='AWS'}, Tag{name='region', value='EU_WEST_3'}, Tag{name='workloadType', value='OPERATIONAL'}]}, electionId=null, setVersion=16, topologyVersion=TopologyVersion{processId=6765dd751935ea2e5b74de30, counter=4}, lastWriteDate=Tue Jan 07 14:45:23 CET 2025, lastUpdateTimeNanos=10860543899900}
[cluster-ClusterId{value='677d2ff4e4620f5616073a6f', description='Cluster0'}-cluster0-shard-00-01.k7ehw.mongodb.net:27017] INFO org.mongodb.driver.cluster - Monitor thread successfully connected to server with description ServerDescription{address=cluster0-shard-00-01.k7ehw.mongodb.net:27017, type=REPLICA_SET_SECONDARY, cryptd=false, state=CONNECTED, ok=true, minWireVersion=0, maxWireVersion=25, maxDocumentSize=16777216, logicalSessionTimeoutMinutes=30, roundTripTimeNanos=97190800, minRoundTripTimeNanos=0, setName='atlas-sxx3co-shard-0', canonicalAddress=cluster0-shard-00-01.k7ehw.mongodb.net:27017, hosts=[cluster0-shard-00-01.k7ehw.mongodb.net:27017, cluster0-shard-00-02.k7ehw.mongodb.net:27017, cluster0-shard-00-00.k7ehw.mongodb.net:27017], passives=[], arbiters=[], primary='cluster0-shard-00-02.k7ehw.mongodb.net:27017', tagSet=TagSet{[Tag{name='availabilityZone', value='euw3-az2'}, Tag{name='diskState', value='READY'}, Tag{name='nodeType', value='ELECTABLE'}, Tag{name='provider', value='AWS'}, Tag{name='region', value='EU_WEST_3'}, Tag{name='workloadType', value='OPERATIONAL'}]}, electionId=null, setVersion=16, topologyVersion=TopologyVersion{processId=6765de5bbc950d7c4ce68e94, counter=3}, lastWriteDate=Tue Jan 07 14:45:23 CET 2025, lastUpdateTimeNanos=10860561535600}
[cluster-ClusterId{value='677d2ff4e4620f5616073a6f', description='Cluster0'}-cluster0-shard-00-02.k7ehw.mongodb.net:27017] INFO org.mongodb.driver.cluster - Monitor thread successfully connected to server with description ServerDescription{address=cluster0-shard-00-02.k7ehw.mongodb.net:27017, type=REPLICA_SET_PRIMARY, cryptd=false, state=CONNECTED, ok=true, minWireVersion=0, maxWireVersion=25, maxDocumentSize=16777216, logicalSessionTimeoutMinutes=30, roundTripTimeNanos=98219400, minRoundTripTimeNanos=0, setName='atlas-sxx3co-shard-0', canonicalAddress=cluster0-shard-00-02.k7ehw.mongodb.net:27017, hosts=[cluster0-shard-00-01.k7ehw.mongodb.net:27017, cluster0-shard-00-02.k7ehw.mongodb.net:27017, cluster0-shard-00-00.k7ehw.mongodb.net:27017], passives=[], arbiters=[], primary='cluster0-shard-00-02.k7ehw.mongodb.net:27017', tagSet=TagSet{[Tag{name='availabilityZone', value='euw3-az3'}, Tag{name='diskState', value='READY'}, Tag{name='nodeType', value='ELECTABLE'}, Tag{name='provider', value='AWS'}, Tag{name='region', value='EU_WEST_3'}, Tag{name='workloadType', value='OPERATIONAL'}]}, electionId=7fffffff0000000000000027, setVersion=16, topologyVersion=TopologyVersion{processId=6765dc7784f821ce36e13bfa, counter=6}, lastWriteDate=Tue Jan 07 14:45:23 CET 2025, lastUpdateTimeNanos=10860567312200}
[cluster-ClusterId{value='677d2ff4e4620f5616073a6f', description='Cluster0'}-cluster0-shard-00-02.k7ehw.mongodb.net:27017] INFO org.mongodb.driver.cluster - Discovered replica set primary cluster0-shard-00-02.k7ehw.mongodb.net:27017 with max election id 7fffffff0000000000000027 and max set version 16
]]></system-err>
  </testcase>
</testsuite>