<?xml version="1.0" encoding="UTF-8"?>
<testsuite xmlns:xsi="http://www.w3.org/2001/XMLSchema-instance" xsi:noNamespaceSchemaLocation="https://maven.apache.org/surefire/maven-surefire-plugin/xsd/surefire-test-report-3.0.xsd" version="3.0" name="demo.quickStart.DAOEvenementTest" time="4.672" tests="3" errors="0" skipped="0" failures="1">
  <properties>
[...]
</properties>
  <testcase name="testDelete" classname="demo.quickStart.DAOEvenementTest" time="3.063">
    <system-err><![CDATA[[cluster-ClusterId{value='677d2fe7e4620f5616073a52', description='Cluster0'}-srv-cluster0.k7ehw.mongodb.net] INFO org.mongodb.driver.cluster - Adding discovered server cluster0-shard-00-01.k7ehw.mongodb.net:27017 to client view of cluster
[main] INFO org.mongodb.driver.client - MongoClient with metadata {"application": {"name": "Cluster0"}, "driver": {"name": "mongo-java-driver|sync", "version": "5.2.0"}, "os": {"type": "Windows", "name": "Windows 10", "architecture": "amd64", "version": "10.0"}, "platform": "Java/Oracle Corporation/23.0.1+11-39"} created with settings MongoClientSettings{readPreference=primary, writeConcern=WriteConcern{w=majority, wTimeout=null ms, journal=null}, retryWrites=true, retryReads=true, readConcern=ReadConcern{level=null}, credential=MongoCredential{mechanism=null, userName='rachidaarag', source='admin', password=<hidden>, mechanismProperties=<hidden>}, transportSettings=null, commandListeners=[], codecRegistry=ProvidersCodecRegistry{codecProviders=[ValueCodecProvider{}, BsonValueCodecProvider{}, DBRefCodecProvider{}, DBObjectCodecProvider{}, DocumentCodecProvider{}, CollectionCodecProvider{}, IterableCodecProvider{}, MapCodecProvider{}, GeoJsonCodecProvider{}, GridFSFileCodecProvider{}, Jsr310CodecProvider{}, JsonObjectCodecProvider{}, BsonCodecProvider{}, EnumCodecProvider{}, com.mongodb.client.model.mql.ExpressionCodecProvider@58594a11, com.mongodb.Jep395RecordCodecProvider@2a3888c1, com.mongodb.KotlinCodecProvider@4167d97b]}, loggerSettings=LoggerSettings{maxDocumentLength=1000}, clusterSettings={hosts=[127.0.0.1:27017], srvHost=cluster0.k7ehw.mongodb.net, srvServiceName=mongodb, mode=MULTIPLE, requiredClusterType=REPLICA_SET, requiredReplicaSetName='atlas-sxx3co-shard-0', serverSelector='null', clusterListeners='[]', serverSelectionTimeout='30000 ms', localThreshold='15 ms'}, socketSettings=SocketSettings{connectTimeoutMS=10000, readTimeoutMS=0, receiveBufferSize=0, proxySettings=ProxySettings{host=null, port=null, username=null, password=null}}, heartbeatSocketSettings=SocketSettings{connectTimeoutMS=10000, readTimeoutMS=10000, receiveBufferSize=0, proxySettings=ProxySettings{host=null, port=null, username=null, password=null}}, connectionPoolSettings=ConnectionPoolSettings{maxSize=100, minSize=0, maxWaitTimeMS=120000, maxConnectionLifeTimeMS=0, maxConnectionIdleTimeMS=0, maintenanceInitialDelayMS=0, maintenanceFrequencyMS=60000, connectionPoolListeners=[], maxConnecting=2}, serverSettings=ServerSettings{heartbeatFrequencyMS=10000, minHeartbeatFrequencyMS=500, serverMonitoringMode=AUTO, serverListeners='[]', serverMonitorListeners='[]'}, sslSettings=SslSettings{enabled=true, invalidHostNameAllowed=false, context=null}, applicationName='Cluster0', compressorList=[], uuidRepresentation=UNSPECIFIED, serverApi=null, autoEncryptionSettings=null, dnsClient=null, inetAddressResolver=null, contextProvider=null, timeoutMS=null}
[cluster-ClusterId{value='677d2fe7e4620f5616073a52', description='Cluster0'}-srv-cluster0.k7ehw.mongodb.net] INFO org.mongodb.driver.cluster - Adding discovered server cluster0-shard-00-02.k7ehw.mongodb.net:27017 to client view of cluster
[cluster-ClusterId{value='677d2fe7e4620f5616073a52', description='Cluster0'}-srv-cluster0.k7ehw.mongodb.net] INFO org.mongodb.driver.cluster - Adding discovered server cluster0-shard-00-00.k7ehw.mongodb.net:27017 to client view of cluster
[main] INFO org.mongodb.driver.cluster - Waiting for server to become available for operation with ID 2. Remaining time: 29948 ms. Selector: WritableServerSelector, topology description: {type=UNKNOWN, servers=[].
[cluster-ClusterId{value='677d2fe7e4620f5616073a52', description='Cluster0'}-cluster0-shard-00-02.k7ehw.mongodb.net:27017] INFO org.mongodb.driver.cluster - Monitor thread successfully connected to server with description ServerDescription{address=cluster0-shard-00-02.k7ehw.mongodb.net:27017, type=REPLICA_SET_PRIMARY, cryptd=false, state=CONNECTED, ok=true, minWireVersion=0, maxWireVersion=25, maxDocumentSize=16777216, logicalSessionTimeoutMinutes=30, roundTripTimeNanos=559324100, minRoundTripTimeNanos=0, setName='atlas-sxx3co-shard-0', canonicalAddress=cluster0-shard-00-02.k7ehw.mongodb.net:27017, hosts=[cluster0-shard-00-01.k7ehw.mongodb.net:27017, cluster0-shard-00-02.k7ehw.mongodb.net:27017, cluster0-shard-00-00.k7ehw.mongodb.net:27017], passives=[], arbiters=[], primary='cluster0-shard-00-02.k7ehw.mongodb.net:27017', tagSet=TagSet{[Tag{name='availabilityZone', value='euw3-az3'}, Tag{name='diskState', value='READY'}, Tag{name='nodeType', value='ELECTABLE'}, Tag{name='provider', value='AWS'}, Tag{name='region', value='EU_WEST_3'}, Tag{name='workloadType', value='OPERATIONAL'}]}, electionId=7fffffff0000000000000027, setVersion=16, topologyVersion=TopologyVersion{processId=6765dc7784f821ce36e13bfa, counter=6}, lastWriteDate=Tue Jan 07 14:45:11 CET 2025, lastUpdateTimeNanos=10848305417600}
[cluster-ClusterId{value='677d2fe7e4620f5616073a52', description='Cluster0'}-cluster0-shard-00-00.k7ehw.mongodb.net:27017] INFO org.mongodb.driver.cluster - Monitor thread successfully connected to server with description ServerDescription{address=cluster0-shard-00-00.k7ehw.mongodb.net:27017, type=REPLICA_SET_SECONDARY, cryptd=false, state=CONNECTED, ok=true, minWireVersion=0, maxWireVersion=25, maxDocumentSize=16777216, logicalSessionTimeoutMinutes=30, roundTripTimeNanos=555523900, minRoundTripTimeNanos=0, setName='atlas-sxx3co-shard-0', canonicalAddress=cluster0-shard-00-00.k7ehw.mongodb.net:27017, hosts=[cluster0-shard-00-01.k7ehw.mongodb.net:27017, cluster0-shard-00-02.k7ehw.mongodb.net:27017, cluster0-shard-00-00.k7ehw.mongodb.net:27017], passives=[], arbiters=[], primary='cluster0-shard-00-02.k7ehw.mongodb.net:27017', tagSet=TagSet{[Tag{name='availabilityZone', value='euw3-az1'}, Tag{name='diskState', value='READY'}, Tag{name='nodeType', value='ELECTABLE'}, Tag{name='provider', value='AWS'}, Tag{name='region', value='EU_WEST_3'}, Tag{name='workloadType', value='OPERATIONAL'}]}, electionId=null, setVersion=16, topologyVersion=TopologyVersion{processId=6765dd751935ea2e5b74de30, counter=4}, lastWriteDate=Tue Jan 07 14:45:11 CET 2025, lastUpdateTimeNanos=10848305417700}
[cluster-ClusterId{value='677d2fe7e4620f5616073a52', description='Cluster0'}-cluster0-shard-00-01.k7ehw.mongodb.net:27017] INFO org.mongodb.driver.cluster - Monitor thread successfully connected to server with description ServerDescription{address=cluster0-shard-00-01.k7ehw.mongodb.net:27017, type=REPLICA_SET_SECONDARY, cryptd=false, state=CONNECTED, ok=true, minWireVersion=0, maxWireVersion=25, maxDocumentSize=16777216, logicalSessionTimeoutMinutes=30, roundTripTimeNanos=563076200, minRoundTripTimeNanos=0, setName='atlas-sxx3co-shard-0', canonicalAddress=cluster0-shard-00-01.k7ehw.mongodb.net:27017, hosts=[cluster0-shard-00-01.k7ehw.mongodb.net:27017, cluster0-shard-00-02.k7ehw.mongodb.net:27017, cluster0-shard-00-00.k7ehw.mongodb.net:27017], passives=[], arbiters=[], primary='cluster0-shard-00-02.k7ehw.mongodb.net:27017', tagSet=TagSet{[Tag{name='availabilityZone', value='euw3-az2'}, Tag{name='diskState', value='READY'}, Tag{name='nodeType', value='ELECTABLE'}, Tag{name='provider', value='AWS'}, Tag{name='region', value='EU_WEST_3'}, Tag{name='workloadType', value='OPERATIONAL'}]}, electionId=null, setVersion=16, topologyVersion=TopologyVersion{processId=6765de5bbc950d7c4ce68e94, counter=3}, lastWriteDate=Tue Jan 07 14:45:11 CET 2025, lastUpdateTimeNanos=10848306457800}
[cluster-ClusterId{value='677d2fe7e4620f5616073a52', description='Cluster0'}-cluster0-shard-00-02.k7ehw.mongodb.net:27017] INFO org.mongodb.driver.cluster - Discovered replica set primary cluster0-shard-00-02.k7ehw.mongodb.net:27017 with max election id 7fffffff0000000000000027 and max set version 16
[main] INFO org.mongodb.driver.client - MongoClient with metadata {"application": {"name": "Cluster0"}, "driver": {"name": "mongo-java-driver|sync", "version": "5.2.0"}, "os": {"type": "Windows", "name": "Windows 10", "architecture": "amd64", "version": "10.0"}, "platform": "Java/Oracle Corporation/23.0.1+11-39"} created with settings MongoClientSettings{readPreference=primary, writeConcern=WriteConcern{w=majority, wTimeout=null ms, journal=null}, retryWrites=true, retryReads=true, readConcern=ReadConcern{level=null}, credential=MongoCredential{mechanism=null, userName='rachidaarag', source='admin', password=<hidden>, mechanismProperties=<hidden>}, transportSettings=null, commandListeners=[], codecRegistry=ProvidersCodecRegistry{codecProviders=[ValueCodecProvider{}, BsonValueCodecProvider{}, DBRefCodecProvider{}, DBObjectCodecProvider{}, DocumentCodecProvider{}, CollectionCodecProvider{}, IterableCodecProvider{}, MapCodecProvider{}, GeoJsonCodecProvider{}, GridFSFileCodecProvider{}, Jsr310CodecProvider{}, JsonObjectCodecProvider{}, BsonCodecProvider{}, EnumCodecProvider{}, com.mongodb.client.model.mql.ExpressionCodecProvider@58594a11, com.mongodb.Jep395RecordCodecProvider@2a3888c1, com.mongodb.KotlinCodecProvider@4167d97b]}, loggerSettings=LoggerSettings{maxDocumentLength=1000}, clusterSettings={hosts=[127.0.0.1:27017], srvHost=cluster0.k7ehw.mongodb.net, srvServiceName=mongodb, mode=MULTIPLE, requiredClusterType=REPLICA_SET, requiredReplicaSetName='atlas-sxx3co-shard-0', serverSelector='null', clusterListeners='[]', serverSelectionTimeout='30000 ms', localThreshold='15 ms'}, socketSettings=SocketSettings{connectTimeoutMS=10000, readTimeoutMS=0, receiveBufferSize=0, proxySettings=ProxySettings{host=null, port=null, username=null, password=null}}, heartbeatSocketSettings=SocketSettings{connectTimeoutMS=10000, readTimeoutMS=10000, receiveBufferSize=0, proxySettings=ProxySettings{host=null, port=null, username=null, password=null}}, connectionPoolSettings=ConnectionPoolSettings{maxSize=100, minSize=0, maxWaitTimeMS=120000, maxConnectionLifeTimeMS=0, maxConnectionIdleTimeMS=0, maintenanceInitialDelayMS=0, maintenanceFrequencyMS=60000, connectionPoolListeners=[], maxConnecting=2}, serverSettings=ServerSettings{heartbeatFrequencyMS=10000, minHeartbeatFrequencyMS=500, serverMonitoringMode=AUTO, serverListeners='[]', serverMonitorListeners='[]'}, sslSettings=SslSettings{enabled=true, invalidHostNameAllowed=false, context=null}, applicationName='Cluster0', compressorList=[], uuidRepresentation=UNSPECIFIED, serverApi=null, autoEncryptionSettings=null, dnsClient=null, inetAddressResolver=null, contextProvider=null, timeoutMS=null}
[main] INFO org.mongodb.driver.cluster - Waiting for server to become available for operation with ID 13. Remaining time: 29999 ms. Selector: WritableServerSelector, topology description: {type=UNKNOWN, servers=[].
[cluster-ClusterId{value='677d2fe9e4620f5616073a53', description='Cluster0'}-srv-cluster0.k7ehw.mongodb.net] INFO org.mongodb.driver.cluster - Adding discovered server cluster0-shard-00-01.k7ehw.mongodb.net:27017 to client view of cluster
[cluster-ClusterId{value='677d2fe9e4620f5616073a53', description='Cluster0'}-srv-cluster0.k7ehw.mongodb.net] INFO org.mongodb.driver.cluster - Adding discovered server cluster0-shard-00-02.k7ehw.mongodb.net:27017 to client view of cluster
[cluster-ClusterId{value='677d2fe9e4620f5616073a53', description='Cluster0'}-srv-cluster0.k7ehw.mongodb.net] INFO org.mongodb.driver.cluster - Adding discovered server cluster0-shard-00-00.k7ehw.mongodb.net:27017 to client view of cluster
[cluster-ClusterId{value='677d2fe9e4620f5616073a53', description='Cluster0'}-cluster0-shard-00-01.k7ehw.mongodb.net:27017] INFO org.mongodb.driver.cluster - Monitor thread successfully connected to server with description ServerDescription{address=cluster0-shard-00-01.k7ehw.mongodb.net:27017, type=REPLICA_SET_SECONDARY, cryptd=false, state=CONNECTED, ok=true, minWireVersion=0, maxWireVersion=25, maxDocumentSize=16777216, logicalSessionTimeoutMinutes=30, roundTripTimeNanos=93978400, minRoundTripTimeNanos=0, setName='atlas-sxx3co-shard-0', canonicalAddress=cluster0-shard-00-01.k7ehw.mongodb.net:27017, hosts=[cluster0-shard-00-01.k7ehw.mongodb.net:27017, cluster0-shard-00-02.k7ehw.mongodb.net:27017, cluster0-shard-00-00.k7ehw.mongodb.net:27017], passives=[], arbiters=[], primary='cluster0-shard-00-02.k7ehw.mongodb.net:27017', tagSet=TagSet{[Tag{name='availabilityZone', value='euw3-az2'}, Tag{name='diskState', value='READY'}, Tag{name='nodeType', value='ELECTABLE'}, Tag{name='provider', value='AWS'}, Tag{name='region', value='EU_WEST_3'}, Tag{name='workloadType', value='OPERATIONAL'}]}, electionId=null, setVersion=16, topologyVersion=TopologyVersion{processId=6765de5bbc950d7c4ce68e94, counter=3}, lastWriteDate=Tue Jan 07 14:45:11 CET 2025, lastUpdateTimeNanos=10849082234900}
[cluster-ClusterId{value='677d2fe9e4620f5616073a53', description='Cluster0'}-cluster0-shard-00-00.k7ehw.mongodb.net:27017] INFO org.mongodb.driver.cluster - Monitor thread successfully connected to server with description ServerDescription{address=cluster0-shard-00-00.k7ehw.mongodb.net:27017, type=REPLICA_SET_SECONDARY, cryptd=false, state=CONNECTED, ok=true, minWireVersion=0, maxWireVersion=25, maxDocumentSize=16777216, logicalSessionTimeoutMinutes=30, roundTripTimeNanos=98285600, minRoundTripTimeNanos=0, setName='atlas-sxx3co-shard-0', canonicalAddress=cluster0-shard-00-00.k7ehw.mongodb.net:27017, hosts=[cluster0-shard-00-01.k7ehw.mongodb.net:27017, cluster0-shard-00-02.k7ehw.mongodb.net:27017, cluster0-shard-00-00.k7ehw.mongodb.net:27017], passives=[], arbiters=[], primary='cluster0-shard-00-02.k7ehw.mongodb.net:27017', tagSet=TagSet{[Tag{name='availabilityZone', value='euw3-az1'}, Tag{name='diskState', value='READY'}, Tag{name='nodeType', value='ELECTABLE'}, Tag{name='provider', value='AWS'}, Tag{name='region', value='EU_WEST_3'}, Tag{name='workloadType', value='OPERATIONAL'}]}, electionId=null, setVersion=16, topologyVersion=TopologyVersion{processId=6765dd751935ea2e5b74de30, counter=4}, lastWriteDate=Tue Jan 07 14:45:11 CET 2025, lastUpdateTimeNanos=10849093889400}
[cluster-ClusterId{value='677d2fe9e4620f5616073a53', description='Cluster0'}-cluster0-shard-00-02.k7ehw.mongodb.net:27017] INFO org.mongodb.driver.cluster - Monitor thread successfully connected to server with description ServerDescription{address=cluster0-shard-00-02.k7ehw.mongodb.net:27017, type=REPLICA_SET_PRIMARY, cryptd=false, state=CONNECTED, ok=true, minWireVersion=0, maxWireVersion=25, maxDocumentSize=16777216, logicalSessionTimeoutMinutes=30, roundTripTimeNanos=103394900, minRoundTripTimeNanos=0, setName='atlas-sxx3co-shard-0', canonicalAddress=cluster0-shard-00-02.k7ehw.mongodb.net:27017, hosts=[cluster0-shard-00-01.k7ehw.mongodb.net:27017, cluster0-shard-00-02.k7ehw.mongodb.net:27017, cluster0-shard-00-00.k7ehw.mongodb.net:27017], passives=[], arbiters=[], primary='cluster0-shard-00-02.k7ehw.mongodb.net:27017', tagSet=TagSet{[Tag{name='availabilityZone', value='euw3-az3'}, Tag{name='diskState', value='READY'}, Tag{name='nodeType', value='ELECTABLE'}, Tag{name='provider', value='AWS'}, Tag{name='region', value='EU_WEST_3'}, Tag{name='workloadType', value='OPERATIONAL'}]}, electionId=7fffffff0000000000000027, setVersion=16, topologyVersion=TopologyVersion{processId=6765dc7784f821ce36e13bfa, counter=6}, lastWriteDate=Tue Jan 07 14:45:11 CET 2025, lastUpdateTimeNanos=10849095544400}
[cluster-ClusterId{value='677d2fe9e4620f5616073a53', description='Cluster0'}-cluster0-shard-00-02.k7ehw.mongodb.net:27017] INFO org.mongodb.driver.cluster - Discovered replica set primary cluster0-shard-00-02.k7ehw.mongodb.net:27017 with max election id 7fffffff0000000000000027 and max set version 16
]]></system-err>
  </testcase>
  <testcase name="testInsert" classname="demo.quickStart.DAOEvenementTest" time="0.69">
    <failure message="expected: not &lt;null&gt;" type="org.opentest4j.AssertionFailedError"><![CDATA[org.opentest4j.AssertionFailedError: expected: not <null>
	at org.junit.jupiter.api.AssertionFailureBuilder.build(AssertionFailureBuilder.java:152)
	at org.junit.jupiter.api.AssertionFailureBuilder.buildAndThrow(AssertionFailureBuilder.java:132)
	at org.junit.jupiter.api.AssertNotNull.failNull(AssertNotNull.java:49)
	at org.junit.jupiter.api.AssertNotNull.assertNotNull(AssertNotNull.java:35)
	at org.junit.jupiter.api.AssertNotNull.assertNotNull(AssertNotNull.java:30)
	at org.junit.jupiter.api.Assertions.assertNotNull(Assertions.java:300)
	at demo.quickStart.DAOEvenementTest.testInsert(DAOEvenementTest.java:53)
	at java.base/java.lang.reflect.Method.invoke(Method.java:580)
	at java.base/java.util.ArrayList.forEach(ArrayList.java:1597)
	at java.base/java.util.ArrayList.forEach(ArrayList.java:1597)
]]></failure>
    <system-err><![CDATA[[main] INFO org.mongodb.driver.client - MongoClient with metadata {"application": {"name": "Cluster0"}, "driver": {"name": "mongo-java-driver|sync", "version": "5.2.0"}, "os": {"type": "Windows", "name": "Windows 10", "architecture": "amd64", "version": "10.0"}, "platform": "Java/Oracle Corporation/23.0.1+11-39"} created with settings MongoClientSettings{readPreference=primary, writeConcern=WriteConcern{w=majority, wTimeout=null ms, journal=null}, retryWrites=true, retryReads=true, readConcern=ReadConcern{level=null}, credential=MongoCredential{mechanism=null, userName='rachidaarag', source='admin', password=<hidden>, mechanismProperties=<hidden>}, transportSettings=null, commandListeners=[], codecRegistry=ProvidersCodecRegistry{codecProviders=[ValueCodecProvider{}, BsonValueCodecProvider{}, DBRefCodecProvider{}, DBObjectCodecProvider{}, DocumentCodecProvider{}, CollectionCodecProvider{}, IterableCodecProvider{}, MapCodecProvider{}, GeoJsonCodecProvider{}, GridFSFileCodecProvider{}, Jsr310CodecProvider{}, JsonObjectCodecProvider{}, BsonCodecProvider{}, EnumCodecProvider{}, com.mongodb.client.model.mql.ExpressionCodecProvider@58594a11, com.mongodb.Jep395RecordCodecProvider@2a3888c1, com.mongodb.KotlinCodecProvider@4167d97b]}, loggerSettings=LoggerSettings{maxDocumentLength=1000}, clusterSettings={hosts=[127.0.0.1:27017], srvHost=cluster0.k7ehw.mongodb.net, srvServiceName=mongodb, mode=MULTIPLE, requiredClusterType=REPLICA_SET, requiredReplicaSetName='atlas-sxx3co-shard-0', serverSelector='null', clusterListeners='[]', serverSelectionTimeout='30000 ms', localThreshold='15 ms'}, socketSettings=SocketSettings{connectTimeoutMS=10000, readTimeoutMS=0, receiveBufferSize=0, proxySettings=ProxySettings{host=null, port=null, username=null, password=null}}, heartbeatSocketSettings=SocketSettings{connectTimeoutMS=10000, readTimeoutMS=10000, receiveBufferSize=0, proxySettings=ProxySettings{host=null, port=null, username=null, password=null}}, connectionPoolSettings=ConnectionPoolSettings{maxSize=100, minSize=0, maxWaitTimeMS=120000, maxConnectionLifeTimeMS=0, maxConnectionIdleTimeMS=0, maintenanceInitialDelayMS=0, maintenanceFrequencyMS=60000, connectionPoolListeners=[], maxConnecting=2}, serverSettings=ServerSettings{heartbeatFrequencyMS=10000, minHeartbeatFrequencyMS=500, serverMonitoringMode=AUTO, serverListeners='[]', serverMonitorListeners='[]'}, sslSettings=SslSettings{enabled=true, invalidHostNameAllowed=false, context=null}, applicationName='Cluster0', compressorList=[], uuidRepresentation=UNSPECIFIED, serverApi=null, autoEncryptionSettings=null, dnsClient=null, inetAddressResolver=null, contextProvider=null, timeoutMS=null}
[main] INFO org.mongodb.driver.cluster - Waiting for server to become available for operation with ID 29. Remaining time: 29999 ms. Selector: WritableServerSelector, topology description: {type=UNKNOWN, servers=[].
[cluster-ClusterId{value='677d2fe9e4620f5616073a55', description='Cluster0'}-srv-cluster0.k7ehw.mongodb.net] INFO org.mongodb.driver.cluster - Adding discovered server cluster0-shard-00-01.k7ehw.mongodb.net:27017 to client view of cluster
[cluster-ClusterId{value='677d2fe9e4620f5616073a55', description='Cluster0'}-srv-cluster0.k7ehw.mongodb.net] INFO org.mongodb.driver.cluster - Adding discovered server cluster0-shard-00-02.k7ehw.mongodb.net:27017 to client view of cluster
[cluster-ClusterId{value='677d2fe9e4620f5616073a55', description='Cluster0'}-srv-cluster0.k7ehw.mongodb.net] INFO org.mongodb.driver.cluster - Adding discovered server cluster0-shard-00-00.k7ehw.mongodb.net:27017 to client view of cluster
[cluster-ClusterId{value='677d2fe9e4620f5616073a55', description='Cluster0'}-cluster0-shard-00-00.k7ehw.mongodb.net:27017] INFO org.mongodb.driver.cluster - Monitor thread successfully connected to server with description ServerDescription{address=cluster0-shard-00-00.k7ehw.mongodb.net:27017, type=REPLICA_SET_SECONDARY, cryptd=false, state=CONNECTED, ok=true, minWireVersion=0, maxWireVersion=25, maxDocumentSize=16777216, logicalSessionTimeoutMinutes=30, roundTripTimeNanos=96208000, minRoundTripTimeNanos=0, setName='atlas-sxx3co-shard-0', canonicalAddress=cluster0-shard-00-00.k7ehw.mongodb.net:27017, hosts=[cluster0-shard-00-01.k7ehw.mongodb.net:27017, cluster0-shard-00-02.k7ehw.mongodb.net:27017, cluster0-shard-00-00.k7ehw.mongodb.net:27017], passives=[], arbiters=[], primary='cluster0-shard-00-02.k7ehw.mongodb.net:27017', tagSet=TagSet{[Tag{name='availabilityZone', value='euw3-az1'}, Tag{name='diskState', value='READY'}, Tag{name='nodeType', value='ELECTABLE'}, Tag{name='provider', value='AWS'}, Tag{name='region', value='EU_WEST_3'}, Tag{name='workloadType', value='OPERATIONAL'}]}, electionId=null, setVersion=16, topologyVersion=TopologyVersion{processId=6765dd751935ea2e5b74de30, counter=4}, lastWriteDate=Tue Jan 07 14:45:12 CET 2025, lastUpdateTimeNanos=10849968144100}
[cluster-ClusterId{value='677d2fe9e4620f5616073a55', description='Cluster0'}-cluster0-shard-00-01.k7ehw.mongodb.net:27017] INFO org.mongodb.driver.cluster - Monitor thread successfully connected to server with description ServerDescription{address=cluster0-shard-00-01.k7ehw.mongodb.net:27017, type=REPLICA_SET_SECONDARY, cryptd=false, state=CONNECTED, ok=true, minWireVersion=0, maxWireVersion=25, maxDocumentSize=16777216, logicalSessionTimeoutMinutes=30, roundTripTimeNanos=106848300, minRoundTripTimeNanos=0, setName='atlas-sxx3co-shard-0', canonicalAddress=cluster0-shard-00-01.k7ehw.mongodb.net:27017, hosts=[cluster0-shard-00-01.k7ehw.mongodb.net:27017, cluster0-shard-00-02.k7ehw.mongodb.net:27017, cluster0-shard-00-00.k7ehw.mongodb.net:27017], passives=[], arbiters=[], primary='cluster0-shard-00-02.k7ehw.mongodb.net:27017', tagSet=TagSet{[Tag{name='availabilityZone', value='euw3-az2'}, Tag{name='diskState', value='READY'}, Tag{name='nodeType', value='ELECTABLE'}, Tag{name='provider', value='AWS'}, Tag{name='region', value='EU_WEST_3'}, Tag{name='workloadType', value='OPERATIONAL'}]}, electionId=null, setVersion=16, topologyVersion=TopologyVersion{processId=6765de5bbc950d7c4ce68e94, counter=3}, lastWriteDate=Tue Jan 07 14:45:12 CET 2025, lastUpdateTimeNanos=10849983425100}
[cluster-ClusterId{value='677d2fe9e4620f5616073a55', description='Cluster0'}-cluster0-shard-00-02.k7ehw.mongodb.net:27017] INFO org.mongodb.driver.cluster - Monitor thread successfully connected to server with description ServerDescription{address=cluster0-shard-00-02.k7ehw.mongodb.net:27017, type=REPLICA_SET_PRIMARY, cryptd=false, state=CONNECTED, ok=true, minWireVersion=0, maxWireVersion=25, maxDocumentSize=16777216, logicalSessionTimeoutMinutes=30, roundTripTimeNanos=109175600, minRoundTripTimeNanos=0, setName='atlas-sxx3co-shard-0', canonicalAddress=cluster0-shard-00-02.k7ehw.mongodb.net:27017, hosts=[cluster0-shard-00-01.k7ehw.mongodb.net:27017, cluster0-shard-00-02.k7ehw.mongodb.net:27017, cluster0-shard-00-00.k7ehw.mongodb.net:27017], passives=[], arbiters=[], primary='cluster0-shard-00-02.k7ehw.mongodb.net:27017', tagSet=TagSet{[Tag{name='availabilityZone', value='euw3-az3'}, Tag{name='diskState', value='READY'}, Tag{name='nodeType', value='ELECTABLE'}, Tag{name='provider', value='AWS'}, Tag{name='region', value='EU_WEST_3'}, Tag{name='workloadType', value='OPERATIONAL'}]}, electionId=7fffffff0000000000000027, setVersion=16, topologyVersion=TopologyVersion{processId=6765dc7784f821ce36e13bfa, counter=6}, lastWriteDate=Tue Jan 07 14:45:12 CET 2025, lastUpdateTimeNanos=10849989045100}
[cluster-ClusterId{value='677d2fe9e4620f5616073a55', description='Cluster0'}-cluster0-shard-00-02.k7ehw.mongodb.net:27017] INFO org.mongodb.driver.cluster - Discovered replica set primary cluster0-shard-00-02.k7ehw.mongodb.net:27017 with max election id 7fffffff0000000000000027 and max set version 16
]]></system-err>
  </testcase>
  <testcase name="testUpdate" classname="demo.quickStart.DAOEvenementTest" time="0.868">
    <system-err><![CDATA[[main] INFO org.mongodb.driver.client - MongoClient with metadata {"application": {"name": "Cluster0"}, "driver": {"name": "mongo-java-driver|sync", "version": "5.2.0"}, "os": {"type": "Windows", "name": "Windows 10", "architecture": "amd64", "version": "10.0"}, "platform": "Java/Oracle Corporation/23.0.1+11-39"} created with settings MongoClientSettings{readPreference=primary, writeConcern=WriteConcern{w=majority, wTimeout=null ms, journal=null}, retryWrites=true, retryReads=true, readConcern=ReadConcern{level=null}, credential=MongoCredential{mechanism=null, userName='rachidaarag', source='admin', password=<hidden>, mechanismProperties=<hidden>}, transportSettings=null, commandListeners=[], codecRegistry=ProvidersCodecRegistry{codecProviders=[ValueCodecProvider{}, BsonValueCodecProvider{}, DBRefCodecProvider{}, DBObjectCodecProvider{}, DocumentCodecProvider{}, CollectionCodecProvider{}, IterableCodecProvider{}, MapCodecProvider{}, GeoJsonCodecProvider{}, GridFSFileCodecProvider{}, Jsr310CodecProvider{}, JsonObjectCodecProvider{}, BsonCodecProvider{}, EnumCodecProvider{}, com.mongodb.client.model.mql.ExpressionCodecProvider@58594a11, com.mongodb.Jep395RecordCodecProvider@2a3888c1, com.mongodb.KotlinCodecProvider@4167d97b]}, loggerSettings=LoggerSettings{maxDocumentLength=1000}, clusterSettings={hosts=[127.0.0.1:27017], srvHost=cluster0.k7ehw.mongodb.net, srvServiceName=mongodb, mode=MULTIPLE, requiredClusterType=REPLICA_SET, requiredReplicaSetName='atlas-sxx3co-shard-0', serverSelector='null', clusterListeners='[]', serverSelectionTimeout='30000 ms', localThreshold='15 ms'}, socketSettings=SocketSettings{connectTimeoutMS=10000, readTimeoutMS=0, receiveBufferSize=0, proxySettings=ProxySettings{host=null, port=null, username=null, password=null}}, heartbeatSocketSettings=SocketSettings{connectTimeoutMS=10000, readTimeoutMS=10000, receiveBufferSize=0, proxySettings=ProxySettings{host=null, port=null, username=null, password=null}}, connectionPoolSettings=ConnectionPoolSettings{maxSize=100, minSize=0, maxWaitTimeMS=120000, maxConnectionLifeTimeMS=0, maxConnectionIdleTimeMS=0, maintenanceInitialDelayMS=0, maintenanceFrequencyMS=60000, connectionPoolListeners=[], maxConnecting=2}, serverSettings=ServerSettings{heartbeatFrequencyMS=10000, minHeartbeatFrequencyMS=500, serverMonitoringMode=AUTO, serverListeners='[]', serverMonitorListeners='[]'}, sslSettings=SslSettings{enabled=true, invalidHostNameAllowed=false, context=null}, applicationName='Cluster0', compressorList=[], uuidRepresentation=UNSPECIFIED, serverApi=null, autoEncryptionSettings=null, dnsClient=null, inetAddressResolver=null, contextProvider=null, timeoutMS=null}
[main] INFO org.mongodb.driver.cluster - Waiting for server to become available for operation with ID 43. Remaining time: 29999 ms. Selector: WritableServerSelector, topology description: {type=UNKNOWN, servers=[].
[cluster-ClusterId{value='677d2feae4620f5616073a57', description='Cluster0'}-srv-cluster0.k7ehw.mongodb.net] INFO org.mongodb.driver.cluster - Adding discovered server cluster0-shard-00-01.k7ehw.mongodb.net:27017 to client view of cluster
[cluster-ClusterId{value='677d2feae4620f5616073a57', description='Cluster0'}-srv-cluster0.k7ehw.mongodb.net] INFO org.mongodb.driver.cluster - Adding discovered server cluster0-shard-00-02.k7ehw.mongodb.net:27017 to client view of cluster
[cluster-ClusterId{value='677d2feae4620f5616073a57', description='Cluster0'}-srv-cluster0.k7ehw.mongodb.net] INFO org.mongodb.driver.cluster - Adding discovered server cluster0-shard-00-00.k7ehw.mongodb.net:27017 to client view of cluster
[cluster-ClusterId{value='677d2feae4620f5616073a57', description='Cluster0'}-cluster0-shard-00-00.k7ehw.mongodb.net:27017] INFO org.mongodb.driver.cluster - Monitor thread successfully connected to server with description ServerDescription{address=cluster0-shard-00-00.k7ehw.mongodb.net:27017, type=REPLICA_SET_SECONDARY, cryptd=false, state=CONNECTED, ok=true, minWireVersion=0, maxWireVersion=25, maxDocumentSize=16777216, logicalSessionTimeoutMinutes=30, roundTripTimeNanos=106867300, minRoundTripTimeNanos=0, setName='atlas-sxx3co-shard-0', canonicalAddress=cluster0-shard-00-00.k7ehw.mongodb.net:27017, hosts=[cluster0-shard-00-01.k7ehw.mongodb.net:27017, cluster0-shard-00-02.k7ehw.mongodb.net:27017, cluster0-shard-00-00.k7ehw.mongodb.net:27017], passives=[], arbiters=[], primary='cluster0-shard-00-02.k7ehw.mongodb.net:27017', tagSet=TagSet{[Tag{name='availabilityZone', value='euw3-az1'}, Tag{name='diskState', value='READY'}, Tag{name='nodeType', value='ELECTABLE'}, Tag{name='provider', value='AWS'}, Tag{name='region', value='EU_WEST_3'}, Tag{name='workloadType', value='OPERATIONAL'}]}, electionId=null, setVersion=16, topologyVersion=TopologyVersion{processId=6765dd751935ea2e5b74de30, counter=4}, lastWriteDate=Tue Jan 07 14:45:13 CET 2025, lastUpdateTimeNanos=10850694611900}
[cluster-ClusterId{value='677d2feae4620f5616073a57', description='Cluster0'}-cluster0-shard-00-01.k7ehw.mongodb.net:27017] INFO org.mongodb.driver.cluster - Monitor thread successfully connected to server with description ServerDescription{address=cluster0-shard-00-01.k7ehw.mongodb.net:27017, type=REPLICA_SET_SECONDARY, cryptd=false, state=CONNECTED, ok=true, minWireVersion=0, maxWireVersion=25, maxDocumentSize=16777216, logicalSessionTimeoutMinutes=30, roundTripTimeNanos=112633800, minRoundTripTimeNanos=0, setName='atlas-sxx3co-shard-0', canonicalAddress=cluster0-shard-00-01.k7ehw.mongodb.net:27017, hosts=[cluster0-shard-00-01.k7ehw.mongodb.net:27017, cluster0-shard-00-02.k7ehw.mongodb.net:27017, cluster0-shard-00-00.k7ehw.mongodb.net:27017], passives=[], arbiters=[], primary='cluster0-shard-00-02.k7ehw.mongodb.net:27017', tagSet=TagSet{[Tag{name='availabilityZone', value='euw3-az2'}, Tag{name='diskState', value='READY'}, Tag{name='nodeType', value='ELECTABLE'}, Tag{name='provider', value='AWS'}, Tag{name='region', value='EU_WEST_3'}, Tag{name='workloadType', value='OPERATIONAL'}]}, electionId=null, setVersion=16, topologyVersion=TopologyVersion{processId=6765de5bbc950d7c4ce68e94, counter=3}, lastWriteDate=Tue Jan 07 14:45:13 CET 2025, lastUpdateTimeNanos=10850700377800}
[cluster-ClusterId{value='677d2feae4620f5616073a57', description='Cluster0'}-cluster0-shard-00-02.k7ehw.mongodb.net:27017] INFO org.mongodb.driver.cluster - Monitor thread successfully connected to server with description ServerDescription{address=cluster0-shard-00-02.k7ehw.mongodb.net:27017, type=REPLICA_SET_PRIMARY, cryptd=false, state=CONNECTED, ok=true, minWireVersion=0, maxWireVersion=25, maxDocumentSize=16777216, logicalSessionTimeoutMinutes=30, roundTripTimeNanos=110589000, minRoundTripTimeNanos=0, setName='atlas-sxx3co-shard-0', canonicalAddress=cluster0-shard-00-02.k7ehw.mongodb.net:27017, hosts=[cluster0-shard-00-01.k7ehw.mongodb.net:27017, cluster0-shard-00-02.k7ehw.mongodb.net:27017, cluster0-shard-00-00.k7ehw.mongodb.net:27017], passives=[], arbiters=[], primary='cluster0-shard-00-02.k7ehw.mongodb.net:27017', tagSet=TagSet{[Tag{name='availabilityZone', value='euw3-az3'}, Tag{name='diskState', value='READY'}, Tag{name='nodeType', value='ELECTABLE'}, Tag{name='provider', value='AWS'}, Tag{name='region', value='EU_WEST_3'}, Tag{name='workloadType', value='OPERATIONAL'}]}, electionId=7fffffff0000000000000027, setVersion=16, topologyVersion=TopologyVersion{processId=6765dc7784f821ce36e13bfa, counter=6}, lastWriteDate=Tue Jan 07 14:45:13 CET 2025, lastUpdateTimeNanos=10850700377800}
[cluster-ClusterId{value='677d2feae4620f5616073a57', description='Cluster0'}-cluster0-shard-00-02.k7ehw.mongodb.net:27017] INFO org.mongodb.driver.cluster - Discovered replica set primary cluster0-shard-00-02.k7ehw.mongodb.net:27017 with max election id 7fffffff0000000000000027 and max set version 16
]]></system-err>
  </testcase>
</testsuite>